{
  "RSpec": {
    "coverage": {
      "/home/saasbook/fight_Impunity_Haiti/spec/support/devise.rb": [
        1,
        1,
        null
      ],
      "/home/saasbook/fight_Impunity_Haiti/spec/controllers/dashboard/dashboard_controller_spec.rb": [
        1,
        null,
        null,
        1,
        null
      ],
      "/home/saasbook/fight_Impunity_Haiti/spec/controllers/dashboard/users_controller_spec.rb": [
        1,
        null,
        1,
        null,
        1,
        null,
        1,
        6,
        6,
        6,
        null,
        null,
        1,
        1,
        1,
        null,
        1,
        1,
        1,
        null,
        1,
        1,
        1,
        null,
        1,
        1,
        1,
        null,
        1,
        1,
        1,
        null,
        1,
        1,
        1,
        null,
        null,
        null,
        1,
        null,
        1,
        6,
        6,
        6,
        null,
        null,
        1,
        1,
        1,
        null,
        1,
        1,
        1,
        null,
        1,
        1,
        1,
        null,
        1,
        1,
        1,
        null,
        1,
        1,
        1,
        null,
        1,
        1,
        1,
        null,
        null,
        null,
        null,
        1,
        null,
        1,
        1,
        1,
        1,
        1,
        null,
        1,
        1,
        1,
        1,
        null,
        null,
        null,
        null
      ],
      "/home/saasbook/fight_Impunity_Haiti/spec/controllers/documents_controller_spec.rb": [
        1,
        null,
        null,
        null,
        null,
        null,
        null,
        null,
        null,
        null,
        null,
        null,
        null,
        null,
        null,
        null,
        null,
        null,
        null,
        null,
        1,
        null,
        null,
        null,
        null,
        14,
        null,
        null,
        null,
        null,
        17,
        null,
        1,
        1,
        1,
        1,
        1,
        null,
        null,
        null,
        1,
        1,
        1,
        1,
        1,
        null,
        null,
        null,
        1,
        1,
        1,
        1,
        null,
        null,
        null,
        1,
        1,
        1,
        1,
        1,
        null,
        null,
        null,
        1,
        1,
        1,
        1,
        1,
        null,
        null,
        null,
        1,
        1,
        1,
        1,
        null,
        null,
        1,
        1,
        1,
        null,
        null,
        null,
        1,
        1,
        null,
        1,
        1,
        1,
        null,
        null,
        1,
        null,
        1,
        1,
        1,
        null,
        null,
        null,
        null,
        1,
        1,
        1,
        1,
        null,
        null,
        null,
        null,
        1,
        1,
        null,
        null,
        1,
        1,
        1,
        1,
        null,
        null,
        1,
        1,
        1,
        1,
        null,
        null,
        null,
        1,
        1,
        1,
        null,
        1,
        1,
        1,
        null,
        null,
        1,
        1,
        null,
        1,
        1,
        1,
        null,
        null,
        null,
        null,
        1,
        1,
        1,
        1,
        1,
        null,
        null,
        null,
        1,
        1,
        1,
        1,
        null,
        null,
        null,
        null
      ],
      "/home/saasbook/fight_Impunity_Haiti/spec/controllers/pages_controller_spec.rb": [
        1,
        null,
        1,
        null,
        1,
        1,
        1,
        1,
        null,
        null,
        null,
        1,
        1,
        1,
        1,
        null,
        null,
        null,
        1,
        1,
        1,
        1,
        null,
        null,
        null,
        null
      ],
      "/home/saasbook/fight_Impunity_Haiti/spec/controllers/picture_langs_controller_spec.rb": [
        1,
        1,
        null,
        null,
        null,
        null,
        null,
        null,
        null,
        null,
        null,
        null,
        null,
        null,
        null,
        null,
        null,
        null,
        null,
        null,
        1,
        null,
        null,
        null,
        null,
        6,
        null,
        null,
        null,
        null,
        17,
        null,
        1,
        1,
        1,
        1,
        1,
        null,
        null,
        null,
        1,
        1,
        1,
        1,
        1,
        null,
        null,
        null,
        1,
        1,
        1,
        1,
        null,
        null,
        null,
        1,
        1,
        1,
        1,
        1,
        null,
        null,
        null,
        1,
        1,
        1,
        1,
        1,
        null,
        null,
        null,
        1,
        1,
        1,
        1,
        null,
        null,
        1,
        1,
        1,
        null,
        null,
        null,
        1,
        1,
        null,
        1,
        1,
        1,
        null,
        null,
        1,
        null,
        1,
        1,
        1,
        null,
        null,
        null,
        null,
        1,
        1,
        1,
        1,
        null,
        null,
        null,
        null,
        1,
        1,
        null,
        null,
        1,
        1,
        1,
        1,
        null,
        null,
        1,
        1,
        1,
        1,
        null,
        null,
        null,
        1,
        1,
        1,
        null,
        1,
        1,
        1,
        null,
        null,
        1,
        1,
        null,
        1,
        1,
        1,
        null,
        null,
        null,
        null,
        1,
        1,
        1,
        1,
        1,
        null,
        null,
        null,
        1,
        1,
        1,
        1,
        null,
        null,
        null,
        null
      ],
      "/home/saasbook/fight_Impunity_Haiti/spec/controllers/pictures_controller_spec.rb": [
        1,
        1,
        null,
        null,
        1,
        null,
        null,
        null,
        null,
        null,
        null,
        null,
        null,
        null,
        null,
        null,
        null,
        null,
        null,
        null,
        null,
        null,
        null,
        null,
        null,
        null,
        null,
        null,
        null,
        null,
        null,
        null,
        null,
        null,
        null,
        null,
        null,
        null,
        null,
        null,
        null,
        null,
        null,
        null,
        null,
        null,
        null,
        null,
        null,
        null,
        null,
        null,
        null,
        null,
        null,
        null,
        null,
        null,
        null,
        null,
        null,
        null,
        null,
        null,
        null,
        null,
        null,
        null,
        null,
        null,
        null,
        null,
        null,
        null,
        null,
        null,
        null,
        null,
        null,
        null,
        null,
        null,
        null,
        null,
        null,
        null,
        null,
        null,
        null,
        null,
        null,
        null,
        null,
        null,
        null,
        null,
        null,
        null,
        null,
        null,
        null,
        null,
        null,
        null,
        null,
        null,
        null,
        null,
        null,
        null,
        null,
        null,
        null,
        null,
        null,
        null,
        null,
        null,
        null,
        null,
        null,
        null,
        null,
        null,
        null,
        null,
        null,
        null,
        null
      ],
      "/home/saasbook/fight_Impunity_Haiti/spec/controllers/sessions_controller_spec.rb": [
        1,
        null,
        1,
        null,
        null
      ],
      "/home/saasbook/fight_Impunity_Haiti/spec/controllers/sounds_controller_spec.rb": [
        1,
        null,
        1,
        null,
        1,
        1,
        1,
        1,
        null,
        null,
        null,
        1,
        1,
        1,
        1,
        1,
        1,
        null,
        null,
        null,
        1,
        1,
        1,
        1,
        1,
        1,
        null,
        null,
        null,
        null
      ],
      "/home/saasbook/fight_Impunity_Haiti/spec/controllers/tags_controller_spec.rb": [
        1,
        null,
        null,
        null,
        null,
        null,
        null,
        null,
        null,
        null,
        null,
        null,
        null,
        null,
        null,
        null,
        null,
        null,
        null,
        null,
        1,
        1,
        null,
        1,
        null,
        7,
        null,
        null,
        null,
        null,
        null,
        null,
        null,
        null,
        null,
        null,
        null,
        null,
        null,
        null,
        1,
        1,
        1,
        1,
        1,
        null,
        null,
        null,
        1,
        1,
        1,
        1,
        1,
        null,
        null,
        1,
        1,
        1,
        1,
        null,
        null,
        1,
        1,
        1,
        null,
        null,
        null,
        1,
        1,
        1,
        1,
        1,
        1,
        1,
        null,
        null,
        1,
        1,
        1,
        1,
        null,
        null,
        1,
        1,
        1,
        null,
        null,
        null,
        1,
        1,
        1,
        1,
        1,
        1,
        1,
        null,
        null,
        1,
        1,
        1,
        1,
        null,
        null,
        1,
        1,
        1,
        null,
        null,
        null,
        null,
        null,
        null,
        null,
        null,
        null,
        null,
        null,
        null,
        null,
        null,
        null,
        null,
        null,
        null,
        null,
        null,
        null,
        null,
        null,
        null,
        null,
        null,
        null,
        null,
        null,
        null,
        null,
        null,
        null,
        null,
        null,
        null,
        null,
        null,
        null,
        null,
        null,
        null,
        null,
        null,
        null,
        null,
        null,
        null,
        null,
        null,
        null,
        null,
        null,
        null,
        null,
        null,
        null,
        null,
        null,
        null,
        null,
        null,
        null,
        null,
        null,
        null,
        null,
        null,
        null,
        null,
        null,
        null,
        null,
        null,
        null,
        null,
        null,
        null,
        null,
        null,
        null,
        null,
        null,
        null,
        null,
        null,
        null,
        null,
        null,
        null,
        null,
        null,
        null,
        null,
        null,
        null,
        null,
        null,
        null,
        null,
        null,
        null,
        null,
        null,
        null,
        null,
        null,
        null,
        null,
        null,
        null,
        null,
        null,
        null,
        null,
        null,
        null,
        null,
        null,
        null,
        null,
        null
      ],
      "/home/saasbook/fight_Impunity_Haiti/spec/controllers/texts_controller_spec.rb": [
        1,
        null,
        1,
        null,
        1,
        1,
        1,
        1,
        null,
        null,
        null,
        1,
        1,
        1,
        1,
        null,
        null,
        null,
        1,
        1,
        1,
        1,
        1,
        1,
        null,
        null,
        null,
        1,
        1,
        1,
        1,
        1,
        1,
        null,
        null,
        null,
        null
      ],
      "/home/saasbook/fight_Impunity_Haiti/spec/controllers/videos_controller_spec.rb": [
        1,
        null,
        1,
        1,
        null,
        1,
        null,
        2,
        null,
        null,
        1,
        1,
        1,
        1,
        null,
        null,
        null,
        1,
        1,
        1,
        1,
        1,
        1,
        1,
        null,
        null,
        null,
        1,
        1,
        1,
        1,
        1,
        1,
        1,
        null,
        null,
        null,
        null
      ],
      "/home/saasbook/fight_Impunity_Haiti/spec/helpers/binary_helper_spec.rb": [
        1,
        null,
        null,
        null,
        null,
        null,
        null,
        null,
        null,
        null,
        null,
        null,
        1,
        null
      ],
      "/home/saasbook/fight_Impunity_Haiti/spec/helpers/dashboard/dashboard_helper_spec.rb": [
        1,
        null,
        null,
        null,
        null,
        null,
        null,
        null,
        null,
        null,
        null,
        null,
        1,
        null
      ],
      "/home/saasbook/fight_Impunity_Haiti/spec/helpers/dashboard/users_helper_spec.rb": [
        1,
        null,
        null,
        null,
        null,
        null,
        null,
        null,
        null,
        null,
        null,
        null,
        1,
        null
      ],
      "/home/saasbook/fight_Impunity_Haiti/spec/helpers/documents_helper_spec.rb": [
        1,
        null,
        null,
        null,
        null,
        null,
        null,
        null,
        null,
        null,
        null,
        null,
        1,
        null
      ],
      "/home/saasbook/fight_Impunity_Haiti/spec/helpers/pages_helper_spec.rb": [
        1,
        null,
        null,
        null,
        null,
        null,
        null,
        null,
        null,
        null,
        null,
        null,
        1,
        null
      ],
      "/home/saasbook/fight_Impunity_Haiti/spec/helpers/picture_helper_spec.rb": [
        1,
        null,
        null,
        null,
        null,
        null,
        null,
        null,
        null,
        null,
        null,
        null,
        1,
        null
      ],
      "/home/saasbook/fight_Impunity_Haiti/spec/helpers/picture_langs_helper_spec.rb": [
        1,
        null,
        null,
        null,
        null,
        null,
        null,
        null,
        null,
        null,
        null,
        null,
        1,
        null
      ],
      "/home/saasbook/fight_Impunity_Haiti/spec/helpers/sessions_helper_spec.rb": [
        1,
        null,
        null,
        null,
        null,
        null,
        null,
        null,
        null,
        null,
        null,
        null,
        1,
        null
      ],
      "/home/saasbook/fight_Impunity_Haiti/spec/helpers/sound_helper_spec.rb": [
        1,
        null,
        null,
        null,
        null,
        null,
        null,
        null,
        null,
        null,
        null,
        null,
        1,
        null
      ],
      "/home/saasbook/fight_Impunity_Haiti/spec/helpers/tags_helper_spec.rb": [
        1,
        null,
        null,
        null,
        null,
        null,
        null,
        null,
        null,
        null,
        null,
        null,
        1,
        null
      ],
      "/home/saasbook/fight_Impunity_Haiti/spec/helpers/text_helper_spec.rb": [
        1,
        null,
        null,
        null,
        null,
        null,
        null,
        null,
        null,
        null,
        null,
        null,
        1,
        null
      ],
      "/home/saasbook/fight_Impunity_Haiti/spec/helpers/video_helper_spec.rb": [
        1,
        null,
        null,
        null,
        null,
        null,
        null,
        null,
        null,
        null,
        null,
        null,
        1,
        null
      ],
      "/home/saasbook/fight_Impunity_Haiti/spec/models/binary_lang_spec.rb": [
        1,
        null,
        1,
        1,
        1,
        1,
        null,
        null,
        null
      ],
      "/home/saasbook/fight_Impunity_Haiti/spec/models/binary_spec.rb": [
        1,
        null,
        1,
        1,
        1,
        1,
        1,
        1,
        1,
        1,
        1,
        null,
        null,
        null,
        1,
        1,
        1,
        1,
        1,
        1,
        null,
        null,
        null,
        1,
        1,
        1,
        1,
        null,
        null,
        null,
        2,
        null
      ],
      "/home/saasbook/fight_Impunity_Haiti/spec/models/document_spec.rb": [
        1,
        null,
        1,
        null,
        null
      ],
      "/home/saasbook/fight_Impunity_Haiti/spec/models/item_spec.rb": [
        1,
        null,
        1,
        1,
        1,
        1,
        null,
        null,
        null
      ],
      "/home/saasbook/fight_Impunity_Haiti/spec/models/picture_lang_spec.rb": [
        1,
        null,
        1,
        1,
        null,
        null,
        null,
        null,
        null,
        null,
        null,
        null,
        null,
        null,
        1,
        1,
        null,
        null,
        null
      ],
      "/home/saasbook/fight_Impunity_Haiti/spec/models/picture_spec.rb": [
        1,
        1,
        1,
        1,
        1,
        1,
        1,
        1,
        1,
        1,
        null,
        null,
        null,
        1,
        1,
        1,
        1,
        1,
        1,
        null,
        null,
        null,
        1,
        1,
        1,
        1,
        null,
        null,
        1,
        2,
        null,
        null,
        null,
        null,
        2,
        2,
        null,
        null
      ],
      "/home/saasbook/fight_Impunity_Haiti/spec/models/sound_lang_spec.rb": [
        1,
        null,
        1,
        1,
        1,
        1,
        null,
        null,
        null
      ],
      "/home/saasbook/fight_Impunity_Haiti/spec/models/sound_spec.rb": [
        1,
        null,
        1,
        1,
        1,
        1,
        1,
        1,
        1,
        1,
        null,
        null,
        null,
        1,
        1,
        1,
        1,
        1,
        1,
        null,
        null,
        null,
        1,
        1,
        1,
        1,
        null,
        null,
        1,
        2,
        null,
        null,
        null,
        null,
        2,
        2,
        null,
        null
      ],
      "/home/saasbook/fight_Impunity_Haiti/spec/models/tag_spec.rb": [
        1,
        null,
        1,
        1,
        1,
        1,
        1,
        1,
        1,
        1,
        1,
        1,
        1,
        null,
        null,
        null,
        1,
        1,
        1,
        1,
        1,
        1,
        1,
        1,
        null,
        null,
        1,
        1,
        1,
        1,
        1,
        1,
        1,
        1,
        1,
        1,
        1,
        1,
        null,
        null,
        null,
        2,
        2,
        2,
        2,
        2,
        null
      ],
      "/home/saasbook/fight_Impunity_Haiti/spec/models/text_lang_spec.rb": [
        1,
        null,
        1,
        1,
        null,
        null,
        null,
        null,
        null,
        1,
        1,
        null,
        null,
        null,
        2,
        null
      ],
      "/home/saasbook/fight_Impunity_Haiti/spec/models/text_spec.rb": [
        1,
        null,
        1,
        1,
        1,
        1,
        1,
        null,
        1,
        1,
        1,
        1,
        1,
        1,
        1,
        null,
        null,
        null,
        null,
        1,
        1,
        1,
        1,
        1,
        1,
        1,
        1,
        1,
        1,
        1,
        1,
        1,
        1,
        1,
        1,
        null,
        null,
        null,
        null,
        1,
        1,
        1,
        1,
        1,
        1,
        1,
        1,
        1,
        1,
        1,
        1,
        1,
        1,
        null,
        null,
        null,
        2,
        null
      ],
      "/home/saasbook/fight_Impunity_Haiti/spec/models/user_spec.rb": [
        1,
        null,
        1,
        2,
        2,
        2,
        null
      ],
      "/home/saasbook/fight_Impunity_Haiti/spec/models/video_lang_spec.rb": [
        1,
        null,
        1,
        null
      ],
      "/home/saasbook/fight_Impunity_Haiti/spec/requests/documents_spec.rb": [
        1,
        null,
        1,
        1,
        1,
        null,
        1,
        1,
        null,
        null,
        null
      ],
      "/home/saasbook/fight_Impunity_Haiti/spec/requests/picture_langs_spec.rb": [
        1,
        null,
        1,
        1,
        1,
        null,
        1,
        1,
        null,
        null,
        null
      ],
      "/home/saasbook/fight_Impunity_Haiti/spec/requests/tags_spec.rb": [
        1,
        null,
        null,
        null,
        1,
        1,
        null,
        null
      ],
      "/home/saasbook/fight_Impunity_Haiti/spec/routing/documents_routing_spec.rb": [
        1,
        null,
        1,
        1,
        null,
        1,
        1,
        null,
        null,
        1,
        1,
        null,
        null,
        1,
        1,
        null,
        null,
        1,
        1,
        null,
        null,
        1,
        1,
        null,
        null,
        1,
        1,
        null,
        null,
        1,
        1,
        null,
        null,
        null,
        null
      ],
      "/home/saasbook/fight_Impunity_Haiti/spec/routing/picture_langs_routing_spec.rb": [
        1,
        null,
        1,
        1,
        null,
        1,
        1,
        null,
        null,
        1,
        1,
        null,
        null,
        1,
        1,
        null,
        null,
        1,
        1,
        null,
        null,
        1,
        1,
        null,
        null,
        1,
        1,
        null,
        null,
        1,
        1,
        null,
        null,
        null,
        null
      ],
      "/home/saasbook/fight_Impunity_Haiti/spec/routing/tags_routing_spec.rb": [
        1,
        null,
        1,
        1,
        null,
        1,
        1,
        null,
        null,
        1,
        1,
        null,
        null,
        1,
        1,
        null,
        null,
        1,
        1,
        null,
        null,
        1,
        1,
        null,
        null,
        1,
        1,
        null,
        null,
        1,
        1,
        null,
        null,
        null,
        null
      ],
      "/home/saasbook/fight_Impunity_Haiti/spec/views/binary/edit.html.haml_spec.rb": [
        1,
        null,
        1,
        null
      ],
      "/home/saasbook/fight_Impunity_Haiti/spec/views/binary/new.html.haml_spec.rb": [
        1,
        null,
        1,
        null
      ],
      "/home/saasbook/fight_Impunity_Haiti/spec/views/binary/show.html.haml_spec.rb": [
        1,
        null,
        1,
        null
      ],
      "/home/saasbook/fight_Impunity_Haiti/spec/views/documents/edit.html.haml_spec.rb": [
        1,
        null,
        1,
        1,
        1,
        null,
        null,
        null,
        null,
        null,
        null,
        null,
        null,
        1,
        1,
        null,
        null,
        1,
        1,
        1,
        1,
        1,
        1,
        null,
        null,
        null
      ],
      "/home/saasbook/fight_Impunity_Haiti/spec/views/documents/index.html.haml_spec.rb": [
        1,
        null,
        1,
        1,
        1,
        null,
        null,
        null,
        null,
        null,
        null,
        null,
        null,
        null,
        null,
        null,
        null,
        null,
        null,
        null,
        null,
        null,
        1,
        1,
        null,
        1,
        1,
        1,
        1,
        1,
        null,
        null
      ],
      "/home/saasbook/fight_Impunity_Haiti/spec/views/documents/new.html.haml_spec.rb": [
        1,
        null,
        1,
        1,
        1,
        null,
        null,
        null,
        null,
        null,
        null,
        null,
        null,
        1,
        1,
        null,
        null,
        1,
        1,
        1,
        1,
        1,
        1,
        null,
        null,
        null
      ],
      "/home/saasbook/fight_Impunity_Haiti/spec/views/documents/show.html.haml_spec.rb": [
        1,
        null,
        1,
        1,
        1,
        null,
        null,
        null,
        null,
        null,
        null,
        null,
        null,
        1,
        1,
        null,
        1,
        1,
        1,
        1,
        1,
        null,
        null
      ],
      "/home/saasbook/fight_Impunity_Haiti/spec/views/pages/about.html.haml_spec.rb": [
        1,
        null,
        1,
        null
      ],
      "/home/saasbook/fight_Impunity_Haiti/spec/views/pages/contact.html.haml_spec.rb": [
        1,
        null,
        1,
        null
      ],
      "/home/saasbook/fight_Impunity_Haiti/spec/views/pages/home.html.haml_spec.rb": [
        1,
        null,
        1,
        null
      ],
      "/home/saasbook/fight_Impunity_Haiti/spec/views/picture/edit.html.haml_spec.rb": [
        1,
        null,
        1,
        null
      ],
      "/home/saasbook/fight_Impunity_Haiti/spec/views/picture/index.html.haml_spec.rb": [
        1,
        null,
        1,
        null
      ],
      "/home/saasbook/fight_Impunity_Haiti/spec/views/picture/new.html.haml_spec.rb": [
        1,
        null,
        1,
        null
      ],
      "/home/saasbook/fight_Impunity_Haiti/spec/views/picture/show.html.haml_spec.rb": [
        1,
        null,
        1,
        null
      ],
      "/home/saasbook/fight_Impunity_Haiti/spec/views/picture_langs/edit.html.haml_spec.rb": [
        1,
        null,
        1,
        1,
        1,
        null,
        null,
        1,
        1,
        null,
        null,
        1,
        null,
        null,
        null
      ],
      "/home/saasbook/fight_Impunity_Haiti/spec/views/picture_langs/index.html.haml_spec.rb": [
        1,
        null,
        1,
        1,
        1,
        null,
        null,
        null,
        null,
        null,
        1,
        1,
        null,
        null,
        null
      ],
      "/home/saasbook/fight_Impunity_Haiti/spec/views/picture_langs/new.html.haml_spec.rb": [
        1,
        null,
        1,
        1,
        1,
        null,
        null,
        1,
        null,
        null
      ],
      "/home/saasbook/fight_Impunity_Haiti/spec/views/picture_langs/show.html.haml_spec.rb": [
        1,
        null,
        1,
        1,
        1,
        null,
        null,
        1,
        1,
        null,
        null,
        null
      ],
      "/home/saasbook/fight_Impunity_Haiti/spec/views/sound/edit.html.haml_spec.rb": [
        1,
        null,
        1,
        null
      ],
      "/home/saasbook/fight_Impunity_Haiti/spec/views/sound/new.html.haml_spec.rb": [
        1,
        null,
        1,
        null
      ],
      "/home/saasbook/fight_Impunity_Haiti/spec/views/sound/show.html.haml_spec.rb": [
        1,
        null,
        1,
        null
      ],
      "/home/saasbook/fight_Impunity_Haiti/spec/views/tags/edit.html.haml_spec.rb": [
        1,
        null,
        1,
        1,
        1,
        null,
        null,
        1,
        null,
        null
      ],
      "/home/saasbook/fight_Impunity_Haiti/spec/views/tags/index.html.haml_spec.rb": [
        1,
        null,
        1,
        1,
        1,
        null,
        null,
        null,
        null,
        null,
        1,
        1,
        null,
        null,
        null
      ],
      "/home/saasbook/fight_Impunity_Haiti/spec/views/tags/new.html.haml_spec.rb": [
        1,
        null,
        1,
        1,
        1,
        null,
        null,
        1,
        null,
        null
      ],
      "/home/saasbook/fight_Impunity_Haiti/spec/views/tags/show.html.haml_spec.rb": [
        1,
        null,
        1,
        1,
        1,
        null,
        null,
        1,
        1,
        null,
        null,
        null
      ],
      "/home/saasbook/fight_Impunity_Haiti/spec/views/text/new.html.haml_spec.rb": [
        1,
        null,
        1,
        null
      ],
      "/home/saasbook/fight_Impunity_Haiti/spec/views/text/show.html.haml_spec.rb": [
        1,
        null,
        1,
        null
      ],
      "/home/saasbook/fight_Impunity_Haiti/spec/views/video/edit.html.haml_spec.rb": [
        1,
        null,
        1,
        null
      ],
      "/home/saasbook/fight_Impunity_Haiti/spec/views/video/new.html.haml_spec.rb": [
        1,
        null,
        1,
        null
      ],
      "/home/saasbook/fight_Impunity_Haiti/spec/views/video/show.html.haml_spec.rb": [
        1,
        null,
        1,
        null
      ]
    },
    "timestamp": 1382824563
  }
}
